VirtualBox XPCOM Server 5.2.22 r126257 linux.amd64 (Nov  9 2018 11:16:45) release log
00:00:00.001024 main     Log opened 2018-11-12T08:12:16.677310000Z
00:00:00.001026 main     Build Type: release
00:00:00.001034 main     OS Product: Linux
00:00:00.001036 main     OS Release: 4.18.16-arch1-1-ARCH
00:00:00.001038 main     OS Version: #1 SMP PREEMPT Sat Oct 20 22:06:45 UTC 2018
00:00:00.001064 main     DMI Product Name: UX303LB
00:00:00.001075 main     DMI Product Version: 1.0       
00:00:00.001124 main     Host RAM: 7879MB (7.6GB) total, 6752MB (6.5GB) available
00:00:00.001128 main     Executable: /usr/lib/virtualbox/VBoxSVC
00:00:00.001130 main     Process ID: 4773
00:00:00.001131 main     Package type: LINUX_64BITS_GENERIC (OSE)
00:00:00.003847 main     IPC socket path: /tmp/.vbox-louis-ipc/ipcd
00:00:00.111169 nspr-2   VirtualBox: object creation starts
00:00:00.111308 nspr-2   Home directory: '/home/louis/.config/VirtualBox'
00:00:00.111630 nspr-2   Loading settings file "/home/louis/.config/VirtualBox/VirtualBox.xml" with version "1.12-linux"
00:00:00.137424 nspr-2   NetIfAdpCtlOut: VBoxNetAdpCtl: Error while retrieving link speed for wlp2s0: VBoxNetAdpCtl: ioctl failed: Operation not supported
00:00:00.138795 nspr-2   NAT: resolv.conf: nameserver 130.190.190.2
00:00:00.138839 nspr-2   NAT: resolv.conf: nameserver 130.190.190.3
00:00:00.138870 nspr-2   HostDnsMonitor: old information
00:00:00.138883 nspr-2     no server entries
00:00:00.138895 nspr-2     no domain set
00:00:00.138905 nspr-2     no search string entries
00:00:00.138916 nspr-2   HostDnsMonitor: new information
00:00:00.138926 nspr-2     server 1: 130.190.190.2
00:00:00.138938 nspr-2     server 2: 130.190.190.3
00:00:00.138949 nspr-2     no domain set
00:00:00.138959 nspr-2     no search string entries
00:00:00.138973 nspr-2   HostDnsMonitorProxy::notify
00:00:00.165522 nspr-2   VD: VDInit finished with VINF_SUCCESS
00:00:00.165724 nspr-2   ERROR [COM]: aRC=NS_ERROR_FAILURE (0x80004005) aIID={0eb668d2-495e-5a36-8890-29999b5f030c} aComponent={SystemPropertiesWrap} aText={Cannot determine default Guest Additions ISO location. Most likely they are not available}, preserve=false aResultDetail=0
00:00:00.223122 nspr-2   VirtualBox: object created
00:00:00.456281 nspr-3   ERROR [COM]: aRC=VBOX_E_OBJECT_NOT_FOUND (0x80bb0001) aIID={9570b9d5-f1a1-448a-10c5-e12f5285adad} aComponent={VirtualBoxWrap} aText={Could not find a registered machine named 'Kali-Linux-2018.4-vbox-amd64'}, preserve=false aResultDetail=0
00:00:01.845168 nspr-2   Saving settings file "/home/louis/.config/VirtualBox/VirtualBox.xml" with version "1.12-linux"
00:00:02.034453 nspr-3   Saving settings file "/home/louis/.config/VirtualBox/VirtualBox.xml" with version "1.12-linux"
00:01:01.745114 nspr-2   Saving settings file "/home/louis/.config/VirtualBox/VirtualBox.xml" with version "1.12-linux"
00:01:02.539807 nspr-3   Saving settings file "/home/louis/.config/VirtualBox/VirtualBox.xml" with version "1.12-linux"
00:01:08.214043 main     VirtualBox: object deletion starts
00:01:08.248614 Watcher  ERROR [COM]: aRC=E_ACCESSDENIED (0x80070005) aIID={9570b9d5-f1a1-448a-10c5-e12f5285adad} aComponent={VirtualBoxWrap} aText={The object is not ready}, preserve=false aResultDetail=0
00:01:13.214596 main     {00007f14380169b0} HostPowerServiceLinux::~HostPowerServiceLinux: RTThreadWait() for 5000 ms failed with VERR_TIMEOUT
00:01:13.215303 main     VirtualBox: object deleted
